/*C17*/SET SCHEMA PUBLIC
DISCONNECT
/*C21*/SET SCHEMA PUBLIC
DISCONNECT
/*C13*/SET SCHEMA PUBLIC
DISCONNECT
/*C16*/SET SCHEMA PUBLIC
DISCONNECT
/*C20*/SET SCHEMA PUBLIC
DISCONNECT
/*C19*/SET SCHEMA PUBLIC
DISCONNECT
/*C15*/SET SCHEMA PUBLIC
DISCONNECT
/*C18*/SET SCHEMA PUBLIC
DISCONNECT
/*C14*/SET SCHEMA PUBLIC
DISCONNECT
/*C12*/SET SCHEMA PUBLIC
DISCONNECT
/*C22*/SET SCHEMA PUBLIC
INSERT INTO TRANSACTION VALUES('feea9913-54ac-481e-b83f-ae96bfd2cfbe',1,'Wesley','2022-03-16 16:05:07.249207',60.00)
COMMIT
INSERT INTO TRANSACTION VALUES('d40acc5d-196c-4eb0-a8e9-8b2479d56314',2,'Leticia','2022-03-16 16:06:41.322379',40.00)
COMMIT
INSERT INTO TRANSACTION VALUES('ba3694af-1c2d-4b4c-aa1b-e5f4eb251a61',1,'Wesley','2022-03-16 16:11:25.651036',10.00)
COMMIT
/*C23*/SET SCHEMA PUBLIC
DISCONNECT
/*C24*/SET SCHEMA PUBLIC
DISCONNECT
/*C27*/SET SCHEMA PUBLIC
DISCONNECT
/*C25*/SET SCHEMA PUBLIC
DISCONNECT
/*C22*/DISCONNECT
/*C30*/SET SCHEMA PUBLIC
DISCONNECT
/*C26*/SET SCHEMA PUBLIC
DISCONNECT
/*C29*/SET SCHEMA PUBLIC
DISCONNECT
/*C28*/SET SCHEMA PUBLIC
DISCONNECT
/*C31*/SET SCHEMA PUBLIC
DISCONNECT
/*C32*/SET SCHEMA PUBLIC
DISCONNECT
/*C33*/SET SCHEMA PUBLIC
DISCONNECT
/*C38*/SET SCHEMA PUBLIC
DISCONNECT
/*C36*/SET SCHEMA PUBLIC
DISCONNECT
/*C37*/SET SCHEMA PUBLIC
DISCONNECT
/*C34*/SET SCHEMA PUBLIC
DISCONNECT
/*C35*/SET SCHEMA PUBLIC
DISCONNECT
/*C39*/SET SCHEMA PUBLIC
DISCONNECT
/*C40*/SET SCHEMA PUBLIC
DISCONNECT
/*C41*/SET SCHEMA PUBLIC
DISCONNECT
/*C42*/SET SCHEMA PUBLIC
INSERT INTO TRANSACTION VALUES('f25e1e2f-7042-4789-8bd1-93e6996ff7c5',3,'Neuza','2022-03-16 17:04:20.897390',-10.00)
COMMIT
INSERT INTO TRANSACTION VALUES('53ffaa5c-ee82-4349-9afb-b431a140e869',4,'Geraldo Farias ','2022-03-16 17:04:57.585955',0.00)
COMMIT
INSERT INTO TRANSACTION VALUES('6d0023fd-7008-4433-831a-71d3a9710090',4,'Geraldo Farias ','2022-03-16 17:18:07.334910',123.00)
COMMIT
INSERT INTO TRANSACTION VALUES('c3003522-5969-4de2-9752-d26751736889',4,'Geraldo Farias ','2022-03-16 17:20:17.843875',12.00)
COMMIT
INSERT INTO TRANSACTION VALUES('77e36b62-a3e9-4e2f-9149-a07733c4ea15',1,'Wesley','2022-03-16 17:21:51.474652',123.00)
COMMIT
INSERT INTO TRANSACTION VALUES('7a743edf-2b57-43ab-a129-6a68484899a3',4,'Geraldo Farias ','2022-03-16 17:22:53.103296',123123.00)
COMMIT
INSERT INTO TRANSACTION VALUES('4d9df909-81e1-44df-8bc3-d884d80fde54',1,'Wesley','2022-03-16 17:23:34.826617',123.00)
COMMIT
INSERT INTO TRANSACTION VALUES('e512dd94-6edd-4c96-869e-5bfc985d70cc',1,'Wesley','2022-03-16 17:25:29.179293',1.00)
COMMIT
DISCONNECT
/*C43*/SET SCHEMA PUBLIC
DISCONNECT
/*C44*/SET SCHEMA PUBLIC
DISCONNECT
/*C45*/SET SCHEMA PUBLIC
DISCONNECT
/*C46*/SET SCHEMA PUBLIC
DISCONNECT
/*C47*/SET SCHEMA PUBLIC
DISCONNECT
/*C48*/SET SCHEMA PUBLIC
DISCONNECT
/*C49*/SET SCHEMA PUBLIC
DISCONNECT
/*C50*/SET SCHEMA PUBLIC
DISCONNECT
/*C51*/SET SCHEMA PUBLIC
DISCONNECT
